Arguments: 
  /usr/local/bin/node /home/pahern/.yarn/bin/yarn.js start

PATH: 
  /home/pahern/bin:/home/pahern/.local/bin:/home/pahern/.yarn/bin:/home/pahern/.config/yarn/global/node_modules/.bin:/usr/local/sbin:/usr/local/bin:/usr/sbin:/usr/bin:/sbin:/bin:/usr/games:/usr/local/games:/mnt/c/Program Files (x86)/Intel/iCLS Client:/mnt/c/Program Files/Intel/iCLS Client:/mnt/c/Windows/System32:/mnt/c/Windows:/mnt/c/Windows/System32/wbem:/mnt/c/Windows/System32/WindowsPowerShell/v1.0:/mnt/c/Program Files (x86)/Intel/Intel(R) Management Engine Components/DAL:/mnt/c/Program Files/Intel/Intel(R) Management Engine Components/DAL:/mnt/c/Program Files (x86)/Intel/Intel(R) Management Engine Components/IPT:/mnt/c/Program Files/Intel/Intel(R) Management Engine Components/IPT:/mnt/c/Program Files (x86)/NVIDIA Corporation/PhysX/Common:/mnt/c/Windows/System32:/mnt/c/Windows:/mnt/c/Windows/System32/wbem:/mnt/c/Windows/System32/WindowsPowerShell/v1.0:/mnt/c/Program Files/Intel/WiFi/bin:/mnt/c/Program Files/Common Files/Intel/WirelessCommon:/mnt/c/Program Files/nodejs:/mnt/c/Users/Perry/AppData/Local/Microsoft/WindowsApps:/mnt/c/Program Files/Microsoft VS Code/bin:/mnt/c/Users/Perry/AppData/Roaming/npm:/snap/bin:/data/db

Yarn version: 
  1.5.1

Node version: 
  9.5.0

Platform: 
  linux x64

npm manifest: 
  {
    "name": "auth-client",
    "version": "0.1.0",
    "private": true,
    "dependencies": {
      "axios": "^0.16.1",
      "react": "^15.5.4",
      "react-dom": "^15.5.4",
      "react-redux": "^5.0.4",
      "react-router-dom": "^4.1.1",
      "redux": "^3.6.0",
      "redux-form": "^6.7.0",
      "redux-thunk": "^2.2.0"
    },
    "devDependencies": {
      "react-scripts": "^1.0.7"
    },
    "scripts": {
      "start": "react-scripts start",
      "build": "react-scripts build",
      "test": "react-scripts test --env=jsdom",
      "eject": "react-scripts eject"
    }
  }

yarn manifest: 
  No manifest

Lockfile: 
  No lockfile

Trace: 
  Error: Command failed.
  Exit code: 127
  Command: sh
  Arguments: -c react-scripts start
  Directory: /mnt/c/Users/Perry/Lambda/sprints/Client-Auth
  Output:
  
      at ProcessTermError.MessageError (/home/pahern/.yarn/lib/cli.js:186:110)
      at new ProcessTermError (/home/pahern/.yarn/lib/cli.js:226:113)
      at ChildProcess.<anonymous> (/home/pahern/.yarn/lib/cli.js:30281:17)
      at ChildProcess.emit (events.js:160:13)
      at maybeClose (internal/child_process.js:943:16)
      at Process.ChildProcess._handle.onexit (internal/child_process.js:220:5)
